2025-08-05 18:38:05.154 +02:00 [INF] No action descriptors found. This may indicate an incorrectly configured application or missing application parts. To learn more, visit https://aka.ms/aspnet/mvc/app-parts
2025-08-05 18:38:05.232 +02:00 [INF] Now listening on: http://localhost:5045
2025-08-05 18:38:05.236 +02:00 [INF] Application started. Press Ctrl+C to shut down.
2025-08-05 18:38:05.237 +02:00 [INF] Hosting environment: Development
2025-08-05 18:38:05.237 +02:00 [INF] Content root path: /Users/vlad/RiderProjects/Chat/BackEnd/WalletTracker/WalletTracker
2025-08-05 18:38:05.616 +02:00 [INF] Request starting HTTP/1.1 GET http://localhost:5045/swagger - null null
2025-08-05 18:38:05.656 +02:00 [INF] Request finished HTTP/1.1 GET http://localhost:5045/swagger - 301 0 null 39.1982ms
2025-08-05 18:38:05.661 +02:00 [INF] Request starting HTTP/1.1 GET http://localhost:5045/swagger/index.html - null null
2025-08-05 18:38:05.743 +02:00 [INF] Request finished HTTP/1.1 GET http://localhost:5045/swagger/index.html - 200 null text/html;charset=utf-8 82.8456ms
2025-08-05 18:38:05.761 +02:00 [INF] Request starting HTTP/1.1 GET http://localhost:5045/swagger/swagger-ui.css - null null
2025-08-05 18:38:05.771 +02:00 [INF] Request starting HTTP/1.1 GET http://localhost:5045/swagger/swagger-ui-bundle.js - null null
2025-08-05 18:38:05.778 +02:00 [INF] Request starting HTTP/1.1 GET http://localhost:5045/swagger/swagger-ui-standalone-preset.js - null null
2025-08-05 18:38:05.827 +02:00 [INF] Sending file. Request path: '/swagger-ui-standalone-preset.js'. Physical path: 'N/A'
2025-08-05 18:38:05.827 +02:00 [INF] Sending file. Request path: '/swagger-ui.css'. Physical path: 'N/A'
2025-08-05 18:38:05.829 +02:00 [INF] Sending file. Request path: '/swagger-ui-bundle.js'. Physical path: 'N/A'
2025-08-05 18:38:05.832 +02:00 [INF] Request finished HTTP/1.1 GET http://localhost:5045/swagger/swagger-ui-bundle.js - 200 1096145 text/javascript 60.4475ms
2025-08-05 18:38:05.832 +02:00 [INF] Request finished HTTP/1.1 GET http://localhost:5045/swagger/swagger-ui-standalone-preset.js - 200 339486 text/javascript 54.0315ms
2025-08-05 18:38:05.832 +02:00 [INF] Request finished HTTP/1.1 GET http://localhost:5045/swagger/swagger-ui.css - 200 143943 text/css 71.3624ms
2025-08-05 18:38:07.070 +02:00 [INF] Request starting HTTP/1.1 GET http://localhost:5045/swagger/v1/swagger.json - null null
2025-08-05 18:38:07.100 +02:00 [INF] Request finished HTTP/1.1 GET http://localhost:5045/swagger/v1/swagger.json - 200 null application/json;charset=utf-8 29.5587ms
2025-08-05 18:38:24.724 +02:00 [INF] Application is shutting down...
2025-08-05 18:41:56.662 +02:00 [DBG] Registered model binder providers, in the following order: ["Microsoft.AspNetCore.Mvc.ModelBinding.Binders.BinderTypeModelBinderProvider","Microsoft.AspNetCore.Mvc.ModelBinding.Binders.ServicesModelBinderProvider","Microsoft.AspNetCore.Mvc.ModelBinding.Binders.BodyModelBinderProvider","Microsoft.AspNetCore.Mvc.ModelBinding.Binders.HeaderModelBinderProvider","Microsoft.AspNetCore.Mvc.ModelBinding.Binders.FloatingPointTypeModelBinderProvider","Microsoft.AspNetCore.Mvc.ModelBinding.Binders.EnumTypeModelBinderProvider","Microsoft.AspNetCore.Mvc.ModelBinding.Binders.DateTimeModelBinderProvider","Microsoft.AspNetCore.Mvc.ModelBinding.Binders.SimpleTypeModelBinderProvider","Microsoft.AspNetCore.Mvc.ModelBinding.Binders.TryParseModelBinderProvider","Microsoft.AspNetCore.Mvc.ModelBinding.Binders.CancellationTokenModelBinderProvider","Microsoft.AspNetCore.Mvc.ModelBinding.Binders.ByteArrayModelBinderProvider","Microsoft.AspNetCore.Mvc.ModelBinding.Binders.FormFileModelBinderProvider","Microsoft.AspNetCore.Mvc.ModelBinding.Binders.FormCollectionModelBinderProvider","Microsoft.AspNetCore.Mvc.ModelBinding.Binders.KeyValuePairModelBinderProvider","Microsoft.AspNetCore.Mvc.ModelBinding.Binders.DictionaryModelBinderProvider","Microsoft.AspNetCore.Mvc.ModelBinding.Binders.ArrayModelBinderProvider","Microsoft.AspNetCore.Mvc.ModelBinding.Binders.CollectionModelBinderProvider","Microsoft.AspNetCore.Mvc.ModelBinding.Binders.ComplexObjectModelBinderProvider"]
2025-08-05 18:41:56.705 +02:00 [INF] No action descriptors found. This may indicate an incorrectly configured application or missing application parts. To learn more, visit https://aka.ms/aspnet/mvc/app-parts
2025-08-05 18:41:56.707 +02:00 [DBG] Hosting starting
2025-08-05 18:41:56.733 +02:00 [INF] Now listening on: http://localhost:5045
2025-08-05 18:41:56.733 +02:00 [DBG] Loaded hosting startup assembly WalletTracker
2025-08-05 18:41:56.733 +02:00 [INF] Application started. Press Ctrl+C to shut down.
2025-08-05 18:41:56.734 +02:00 [INF] Hosting environment: Development
2025-08-05 18:41:56.734 +02:00 [INF] Content root path: /Users/vlad/RiderProjects/Chat/BackEnd/WalletTracker/WalletTracker
2025-08-05 18:41:56.734 +02:00 [DBG] Hosting started
2025-08-05 18:41:57.101 +02:00 [DBG] Connection id "0HNEK7RV01PBT" received FIN.
2025-08-05 18:41:57.119 +02:00 [DBG] Connection id "0HNEK7RV01PBT" accepted.
2025-08-05 18:41:57.120 +02:00 [DBG] Connection id "0HNEK7RV01PBT" started.
2025-08-05 18:41:57.130 +02:00 [DBG] Connection id "0HNEK7RV01PBT" sending FIN because: "The Socket transport's send loop completed gracefully."
2025-08-05 18:41:57.132 +02:00 [DBG] Connection id "0HNEK7RV01PBT" disconnecting.
2025-08-05 18:41:57.136 +02:00 [DBG] Connection id "0HNEK7RV01PBT" stopped.
2025-08-05 18:41:57.156 +02:00 [DBG] Connection id "0HNEK7RV01PBU" accepted.
2025-08-05 18:41:57.157 +02:00 [DBG] Connection id "0HNEK7RV01PBV" received FIN.
2025-08-05 18:41:57.157 +02:00 [DBG] Connection id "0HNEK7RV01PBU" started.
2025-08-05 18:41:57.157 +02:00 [DBG] Connection id "0HNEK7RV01PBV" accepted.
2025-08-05 18:41:57.162 +02:00 [DBG] Connection id "0HNEK7RV01PBV" started.
2025-08-05 18:41:57.163 +02:00 [DBG] Connection id "0HNEK7RV01PBV" sending FIN because: "The Socket transport's send loop completed gracefully."
2025-08-05 18:41:57.163 +02:00 [DBG] Connection id "0HNEK7RV01PBV" disconnecting.
2025-08-05 18:41:57.163 +02:00 [DBG] Connection id "0HNEK7RV01PBV" stopped.
2025-08-05 18:41:57.216 +02:00 [INF] Request starting HTTP/1.1 GET http://localhost:5045/swagger - null null
2025-08-05 18:41:57.219 +02:00 [DBG] Wildcard detected, all requests with hosts will be allowed.
2025-08-05 18:41:57.219 +02:00 [VRB] All hosts are allowed.
2025-08-05 18:41:57.226 +02:00 [DBG] No candidates found for the request path '/swagger'
2025-08-05 18:41:57.226 +02:00 [DBG] Request did not match any endpoints
2025-08-05 18:41:57.240 +02:00 [DBG] Connection id "0HNEK7RV01PBU" completed keep alive response.
2025-08-05 18:41:57.242 +02:00 [INF] Request finished HTTP/1.1 GET http://localhost:5045/swagger - 301 0 null 29.343ms
2025-08-05 18:41:57.247 +02:00 [INF] Request starting HTTP/1.1 GET http://localhost:5045/swagger/index.html - null null
2025-08-05 18:41:57.247 +02:00 [VRB] All hosts are allowed.
2025-08-05 18:41:57.247 +02:00 [DBG] No candidates found for the request path '/swagger/index.html'
2025-08-05 18:41:57.248 +02:00 [DBG] Request did not match any endpoints
2025-08-05 18:41:57.330 +02:00 [DBG] Connection id "0HNEK7RV01PBU" completed keep alive response.
2025-08-05 18:41:57.331 +02:00 [INF] Request finished HTTP/1.1 GET http://localhost:5045/swagger/index.html - 200 null text/html;charset=utf-8 83.4545ms
2025-08-05 18:41:58.595 +02:00 [INF] Request starting HTTP/1.1 GET http://localhost:5045/swagger/v1/swagger.json - null null
2025-08-05 18:41:58.595 +02:00 [VRB] All hosts are allowed.
2025-08-05 18:41:58.595 +02:00 [DBG] No candidates found for the request path '/swagger/v1/swagger.json'
2025-08-05 18:41:58.595 +02:00 [DBG] Request did not match any endpoints
2025-08-05 18:41:58.629 +02:00 [DBG] Connection id "0HNEK7RV01PBU" completed keep alive response.
2025-08-05 18:41:58.630 +02:00 [INF] Request finished HTTP/1.1 GET http://localhost:5045/swagger/v1/swagger.json - 200 null application/json;charset=utf-8 34.812ms
2025-08-05 18:42:02.146 +02:00 [DBG] Connection id "0HNEK7RV01PBU" received FIN.
2025-08-05 18:42:02.147 +02:00 [DBG] Connection id "0HNEK7RV01PBU" sending FIN because: "The Socket transport's send loop completed gracefully."
2025-08-05 18:42:02.147 +02:00 [DBG] Connection id "0HNEK7RV01PBU" disconnecting.
2025-08-05 18:42:02.149 +02:00 [DBG] Connection id "0HNEK7RV01PBU" stopped.
2025-08-05 18:42:22.692 +02:00 [INF] Application is shutting down...
2025-08-05 18:42:22.694 +02:00 [DBG] Hosting stopping
2025-08-05 18:42:22.704 +02:00 [DBG] Hosting stopped
2025-08-05 20:45:09.649 +02:00 [DBG] Registered model binder providers, in the following order: ["Microsoft.AspNetCore.Mvc.ModelBinding.Binders.BinderTypeModelBinderProvider","Microsoft.AspNetCore.Mvc.ModelBinding.Binders.ServicesModelBinderProvider","Microsoft.AspNetCore.Mvc.ModelBinding.Binders.BodyModelBinderProvider","Microsoft.AspNetCore.Mvc.ModelBinding.Binders.HeaderModelBinderProvider","Microsoft.AspNetCore.Mvc.ModelBinding.Binders.FloatingPointTypeModelBinderProvider","Microsoft.AspNetCore.Mvc.ModelBinding.Binders.EnumTypeModelBinderProvider","Microsoft.AspNetCore.Mvc.ModelBinding.Binders.DateTimeModelBinderProvider","Microsoft.AspNetCore.Mvc.ModelBinding.Binders.SimpleTypeModelBinderProvider","Microsoft.AspNetCore.Mvc.ModelBinding.Binders.TryParseModelBinderProvider","Microsoft.AspNetCore.Mvc.ModelBinding.Binders.CancellationTokenModelBinderProvider","Microsoft.AspNetCore.Mvc.ModelBinding.Binders.ByteArrayModelBinderProvider","Microsoft.AspNetCore.Mvc.ModelBinding.Binders.FormFileModelBinderProvider","Microsoft.AspNetCore.Mvc.ModelBinding.Binders.FormCollectionModelBinderProvider","Microsoft.AspNetCore.Mvc.ModelBinding.Binders.KeyValuePairModelBinderProvider","Microsoft.AspNetCore.Mvc.ModelBinding.Binders.DictionaryModelBinderProvider","Microsoft.AspNetCore.Mvc.ModelBinding.Binders.ArrayModelBinderProvider","Microsoft.AspNetCore.Mvc.ModelBinding.Binders.CollectionModelBinderProvider","Microsoft.AspNetCore.Mvc.ModelBinding.Binders.ComplexObjectModelBinderProvider"]
2025-08-05 20:45:09.791 +02:00 [DBG] Hosting starting
2025-08-05 20:45:09.851 +02:00 [INF] Now listening on: http://localhost:5045
2025-08-05 20:45:09.851 +02:00 [DBG] Loaded hosting startup assembly WalletTracker
2025-08-05 20:45:09.851 +02:00 [INF] Application started. Press Ctrl+C to shut down.
2025-08-05 20:45:09.851 +02:00 [INF] Hosting environment: Development
2025-08-05 20:45:09.851 +02:00 [INF] Content root path: /Users/vlad/RiderProjects/Chat/BackEnd/WalletTracker/WalletTracker
2025-08-05 20:45:09.851 +02:00 [DBG] Hosting started
2025-08-05 20:45:10.128 +02:00 [DBG] Connection id "0HNEKA0Q9EGMJ" received FIN.
2025-08-05 20:45:10.132 +02:00 [DBG] Connection id "0HNEKA0Q9EGMJ" accepted.
2025-08-05 20:45:10.133 +02:00 [DBG] Connection id "0HNEKA0Q9EGMJ" started.
2025-08-05 20:45:10.137 +02:00 [DBG] Connection id "0HNEKA0Q9EGMJ" sending FIN because: "The Socket transport's send loop completed gracefully."
2025-08-05 20:45:10.139 +02:00 [DBG] Connection id "0HNEKA0Q9EGMJ" disconnecting.
2025-08-05 20:45:10.141 +02:00 [DBG] Connection id "0HNEKA0Q9EGMJ" stopped.
2025-08-05 20:45:10.276 +02:00 [DBG] Connection id "0HNEKA0Q9EGMK" accepted.
2025-08-05 20:45:10.276 +02:00 [DBG] Connection id "0HNEKA0Q9EGML" accepted.
2025-08-05 20:45:10.276 +02:00 [DBG] Connection id "0HNEKA0Q9EGML" started.
2025-08-05 20:45:10.301 +02:00 [DBG] Connection id "0HNEKA0Q9EGMK" started.
2025-08-05 20:45:10.370 +02:00 [INF] Request starting HTTP/1.1 GET http://localhost:5045/swagger - null null
2025-08-05 20:45:10.376 +02:00 [DBG] Wildcard detected, all requests with hosts will be allowed.
2025-08-05 20:45:10.376 +02:00 [VRB] All hosts are allowed.
2025-08-05 20:45:10.401 +02:00 [DBG] No candidates found for the request path '/swagger'
2025-08-05 20:45:10.401 +02:00 [DBG] Request did not match any endpoints
2025-08-05 20:45:10.418 +02:00 [DBG] Connection id "0HNEKA0Q9EGMK" completed keep alive response.
2025-08-05 20:45:10.421 +02:00 [INF] Request finished HTTP/1.1 GET http://localhost:5045/swagger - 301 0 null 53.7187ms
2025-08-05 20:45:10.429 +02:00 [INF] Request starting HTTP/1.1 GET http://localhost:5045/swagger/index.html - null null
2025-08-05 20:45:10.430 +02:00 [VRB] All hosts are allowed.
2025-08-05 20:45:10.430 +02:00 [DBG] No candidates found for the request path '/swagger/index.html'
2025-08-05 20:45:10.430 +02:00 [DBG] Request did not match any endpoints
2025-08-05 20:45:10.534 +02:00 [DBG] Connection id "0HNEKA0Q9EGMK" completed keep alive response.
2025-08-05 20:45:10.534 +02:00 [INF] Request finished HTTP/1.1 GET http://localhost:5045/swagger/index.html - 200 null text/html;charset=utf-8 105.0919ms
2025-08-05 20:45:11.782 +02:00 [INF] Request starting HTTP/1.1 GET http://localhost:5045/swagger/v1/swagger.json - null null
2025-08-05 20:45:11.783 +02:00 [VRB] All hosts are allowed.
2025-08-05 20:45:11.783 +02:00 [DBG] No candidates found for the request path '/swagger/v1/swagger.json'
2025-08-05 20:45:11.783 +02:00 [DBG] Request did not match any endpoints
2025-08-05 20:45:11.864 +02:00 [DBG] Connection id "0HNEKA0Q9EGMK" completed keep alive response.
2025-08-05 20:45:11.865 +02:00 [INF] Request finished HTTP/1.1 GET http://localhost:5045/swagger/v1/swagger.json - 200 null application/json;charset=utf-8 82.2117ms
2025-08-05 20:45:32.082 +02:00 [INF] Request starting HTTP/1.1 GET http://localhost:5045/api/wallets - null null
2025-08-05 20:45:32.083 +02:00 [VRB] All hosts are allowed.
2025-08-05 20:45:32.091 +02:00 [DBG] 1 candidate(s) found for the request path '/api/wallets'
2025-08-05 20:45:32.100 +02:00 [DBG] Endpoint 'WalletTracker.Controllers.WalletController.GetUserWallets (WalletTracker)' with route pattern 'api/wallets' is valid for the request path '/api/wallets'
2025-08-05 20:45:32.101 +02:00 [DBG] Request matched endpoint 'WalletTracker.Controllers.WalletController.GetUserWallets (WalletTracker)'
2025-08-05 20:45:32.103 +02:00 [VRB] The endpoint does not specify the IRequestSizeLimitMetadata.
2025-08-05 20:45:32.106 +02:00 [DBG] Static files was skipped as the request already matched an endpoint.
2025-08-05 20:45:32.107 +02:00 [WRN] Failed to determine the https port for redirect.
2025-08-05 20:45:32.108 +02:00 [INF] Executing endpoint 'WalletTracker.Controllers.WalletController.GetUserWallets (WalletTracker)'
2025-08-05 20:45:32.137 +02:00 [INF] Route matched with {action = "GetUserWallets", controller = "Wallet"}. Executing controller action with signature System.Threading.Tasks.Task`1[Microsoft.AspNetCore.Mvc.ActionResult] GetUserWallets() on controller WalletTracker.Controllers.WalletController (WalletTracker).
2025-08-05 20:45:32.138 +02:00 [DBG] Execution plan of authorization filters (in the following order): ["None"]
2025-08-05 20:45:32.139 +02:00 [DBG] Execution plan of resource filters (in the following order): ["None"]
2025-08-05 20:45:32.139 +02:00 [DBG] Execution plan of action filters (in the following order): ["Microsoft.AspNetCore.Mvc.ModelBinding.UnsupportedContentTypeFilter (Order: -3000)","Microsoft.AspNetCore.Mvc.Infrastructure.ModelStateInvalidFilter (Order: -2000)"]
2025-08-05 20:45:32.139 +02:00 [DBG] Execution plan of exception filters (in the following order): ["None"]
2025-08-05 20:45:32.139 +02:00 [DBG] Execution plan of result filters (in the following order): ["Microsoft.AspNetCore.Mvc.Infrastructure.ClientErrorResultFilter (Order: -2000)"]
2025-08-05 20:45:32.140 +02:00 [DBG] Executing controller factory for controller WalletTracker.Controllers.WalletController (WalletTracker)
2025-08-05 20:45:32.245 +02:00 [DBG] An 'IServiceProvider' was created for internal use by Entity Framework.
2025-08-05 20:45:32.258 +02:00 [DBG] Executed controller factory for controller WalletTracker.Controllers.WalletController (WalletTracker)
2025-08-05 20:45:32.258 +02:00 [VRB] Action Filter: Before executing OnActionExecuting on filter Microsoft.AspNetCore.Mvc.ModelBinding.UnsupportedContentTypeFilter.
2025-08-05 20:45:32.258 +02:00 [VRB] Action Filter: After executing OnActionExecuting on filter Microsoft.AspNetCore.Mvc.ModelBinding.UnsupportedContentTypeFilter.
2025-08-05 20:45:32.258 +02:00 [VRB] Action Filter: Before executing OnActionExecuting on filter Microsoft.AspNetCore.Mvc.Infrastructure.ModelStateInvalidFilter.
2025-08-05 20:45:32.258 +02:00 [VRB] Action Filter: After executing OnActionExecuting on filter Microsoft.AspNetCore.Mvc.Infrastructure.ModelStateInvalidFilter.
2025-08-05 20:45:32.261 +02:00 [INF] Executing action method WalletTracker.Controllers.WalletController.GetUserWallets (WalletTracker) - Validation state: "Valid"
2025-08-05 20:45:32.263 +02:00 [VRB] Action Filter: Before executing OnActionExecuted on filter Microsoft.AspNetCore.Mvc.Infrastructure.ModelStateInvalidFilter.
2025-08-05 20:45:32.263 +02:00 [VRB] Action Filter: After executing OnActionExecuted on filter Microsoft.AspNetCore.Mvc.Infrastructure.ModelStateInvalidFilter.
2025-08-05 20:45:32.263 +02:00 [VRB] Action Filter: Before executing OnActionExecuted on filter Microsoft.AspNetCore.Mvc.ModelBinding.UnsupportedContentTypeFilter.
2025-08-05 20:45:32.263 +02:00 [VRB] Action Filter: After executing OnActionExecuted on filter Microsoft.AspNetCore.Mvc.ModelBinding.UnsupportedContentTypeFilter.
2025-08-05 20:45:32.265 +02:00 [INF] Executed action WalletTracker.Controllers.WalletController.GetUserWallets (WalletTracker) in 124.1237ms
2025-08-05 20:45:32.265 +02:00 [INF] Executed endpoint 'WalletTracker.Controllers.WalletController.GetUserWallets (WalletTracker)'
2025-08-05 20:45:32.266 +02:00 [ERR] An unhandled exception has occurred while executing the request.
System.ArgumentNullException: Value cannot be null. (Parameter 'input')
   at System.ArgumentNullException.Throw(String paramName)
   at System.Guid.Parse(String input)
   at WalletTracker.Controllers.WalletController.GetCurrentUserId() in /Users/vlad/RiderProjects/Chat/BackEnd/WalletTracker/WalletTracker/Controllers/WalletController.cs:line 123
   at WalletTracker.Controllers.WalletController.GetUserWallets() in /Users/vlad/RiderProjects/Chat/BackEnd/WalletTracker/WalletTracker/Controllers/WalletController.cs:line 42
   at lambda_method5(Closure, Object)
   at Microsoft.AspNetCore.Mvc.Infrastructure.ActionMethodExecutor.TaskOfActionResultExecutor.Execute(ActionContext actionContext, IActionResultTypeMapper mapper, ObjectMethodExecutor executor, Object controller, Object[] arguments)
   at Microsoft.AspNetCore.Mvc.Infrastructure.ControllerActionInvoker.<InvokeActionMethodAsync>g__Logged|12_1(ControllerActionInvoker invoker)
   at Microsoft.AspNetCore.Mvc.Infrastructure.ControllerActionInvoker.<InvokeNextActionFilterAsync>g__Awaited|10_0(ControllerActionInvoker invoker, Task lastTask, State next, Scope scope, Object state, Boolean isCompleted)
   at Microsoft.AspNetCore.Mvc.Infrastructure.ControllerActionInvoker.Rethrow(ActionExecutedContextSealed context)
   at Microsoft.AspNetCore.Mvc.Infrastructure.ControllerActionInvoker.Next(State& next, Scope& scope, Object& state, Boolean& isCompleted)
   at Microsoft.AspNetCore.Mvc.Infrastructure.ControllerActionInvoker.InvokeInnerFilterAsync()
--- End of stack trace from previous location ---
   at Microsoft.AspNetCore.Mvc.Infrastructure.ResourceInvoker.<InvokeFilterPipelineAsync>g__Awaited|20_0(ResourceInvoker invoker, Task lastTask, State next, Scope scope, Object state, Boolean isCompleted)
   at Microsoft.AspNetCore.Mvc.Infrastructure.ResourceInvoker.<InvokeAsync>g__Logged|17_1(ResourceInvoker invoker)
   at Microsoft.AspNetCore.Mvc.Infrastructure.ResourceInvoker.<InvokeAsync>g__Logged|17_1(ResourceInvoker invoker)
   at Microsoft.AspNetCore.Routing.EndpointMiddleware.<Invoke>g__AwaitRequestTask|7_0(Endpoint endpoint, Task requestTask, ILogger logger)
   at Swashbuckle.AspNetCore.SwaggerUI.SwaggerUIMiddleware.Invoke(HttpContext httpContext)
   at Swashbuckle.AspNetCore.Swagger.SwaggerMiddleware.Invoke(HttpContext httpContext, ISwaggerProvider swaggerProvider)
   at Microsoft.AspNetCore.Authorization.AuthorizationMiddleware.Invoke(HttpContext context)
   at Microsoft.AspNetCore.Authentication.AuthenticationMiddleware.Invoke(HttpContext context)
   at Microsoft.AspNetCore.Diagnostics.DeveloperExceptionPageMiddlewareImpl.Invoke(HttpContext context)
2025-08-05 20:45:32.274 +02:00 [DBG] Connection id "0HNEKA0Q9EGMK" completed keep alive response.
2025-08-05 20:45:32.275 +02:00 [INF] Request finished HTTP/1.1 GET http://localhost:5045/api/wallets - 500 null text/plain; charset=utf-8 193.1005ms
2025-08-05 20:46:22.366 +02:00 [DBG] Connection id "0HNEKA0Q9EGML" received FIN.
2025-08-05 20:46:22.368 +02:00 [DBG] Connection id "0HNEKA0Q9EGML" sending FIN because: "The Socket transport's send loop completed gracefully."
2025-08-05 20:46:22.368 +02:00 [INF] Request starting HTTP/1.1 POST http://localhost:5045/api/wallets - application/json 63
2025-08-05 20:46:22.369 +02:00 [VRB] All hosts are allowed.
2025-08-05 20:46:22.370 +02:00 [DBG] Connection id "0HNEKA0Q9EGML" disconnecting.
2025-08-05 20:46:22.371 +02:00 [DBG] 1 candidate(s) found for the request path '/api/wallets'
2025-08-05 20:46:22.374 +02:00 [DBG] Connection id "0HNEKA0Q9EGML" stopped.
2025-08-05 20:46:22.375 +02:00 [DBG] Endpoint 'WalletTracker.Controllers.WalletController.CreateWallet (WalletTracker)' with route pattern 'api/wallets' is valid for the request path '/api/wallets'
2025-08-05 20:46:22.375 +02:00 [DBG] Request matched endpoint 'WalletTracker.Controllers.WalletController.CreateWallet (WalletTracker)'
2025-08-05 20:46:22.376 +02:00 [VRB] The endpoint does not specify the IRequestSizeLimitMetadata.
2025-08-05 20:46:22.377 +02:00 [DBG] Static files was skipped as the request already matched an endpoint.
2025-08-05 20:46:22.377 +02:00 [INF] Executing endpoint 'WalletTracker.Controllers.WalletController.CreateWallet (WalletTracker)'
2025-08-05 20:46:22.420 +02:00 [INF] Route matched with {action = "CreateWallet", controller = "Wallet"}. Executing controller action with signature System.Threading.Tasks.Task`1[Microsoft.AspNetCore.Mvc.ActionResult] CreateWallet(WalletTracker.Dtos.WalletDto) on controller WalletTracker.Controllers.WalletController (WalletTracker).
2025-08-05 20:46:22.421 +02:00 [DBG] Execution plan of authorization filters (in the following order): ["None"]
2025-08-05 20:46:22.421 +02:00 [DBG] Execution plan of resource filters (in the following order): ["None"]
2025-08-05 20:46:22.421 +02:00 [DBG] Execution plan of action filters (in the following order): ["Microsoft.AspNetCore.Mvc.ModelBinding.UnsupportedContentTypeFilter (Order: -3000)","Microsoft.AspNetCore.Mvc.Infrastructure.ModelStateInvalidFilter (Order: -2000)"]
2025-08-05 20:46:22.421 +02:00 [DBG] Execution plan of exception filters (in the following order): ["None"]
2025-08-05 20:46:22.422 +02:00 [DBG] Execution plan of result filters (in the following order): ["Microsoft.AspNetCore.Mvc.Infrastructure.ClientErrorResultFilter (Order: -2000)"]
2025-08-05 20:46:22.422 +02:00 [DBG] Executing controller factory for controller WalletTracker.Controllers.WalletController (WalletTracker)
2025-08-05 20:46:22.436 +02:00 [DBG] Executed controller factory for controller WalletTracker.Controllers.WalletController (WalletTracker)
2025-08-05 20:46:22.439 +02:00 [DBG] Attempting to bind parameter 'walletCreateDto' of type 'WalletTracker.Dtos.WalletDto' ...
2025-08-05 20:46:22.440 +02:00 [DBG] Attempting to bind parameter 'walletCreateDto' of type 'WalletTracker.Dtos.WalletDto' using the name '' in request data ...
2025-08-05 20:46:22.441 +02:00 [DBG] Selected input formatter 'Microsoft.AspNetCore.Mvc.Formatters.SystemTextJsonInputFormatter' for content type 'application/json'.
2025-08-05 20:46:22.461 +02:00 [DBG] Connection id "0HNEKA0Q9EGMK", Request id "0HNEKA0Q9EGMK:00000005": started reading request body.
2025-08-05 20:46:22.461 +02:00 [DBG] Connection id "0HNEKA0Q9EGMK", Request id "0HNEKA0Q9EGMK:00000005": done reading request body.
2025-08-05 20:46:22.476 +02:00 [DBG] JSON input formatter succeeded, deserializing to type 'WalletTracker.Dtos.WalletDto'
2025-08-05 20:46:22.476 +02:00 [DBG] Done attempting to bind parameter 'walletCreateDto' of type 'WalletTracker.Dtos.WalletDto'.
2025-08-05 20:46:22.476 +02:00 [DBG] Done attempting to bind parameter 'walletCreateDto' of type 'WalletTracker.Dtos.WalletDto'.
2025-08-05 20:46:22.476 +02:00 [DBG] Attempting to validate the bound parameter 'walletCreateDto' of type 'WalletTracker.Dtos.WalletDto' ...
2025-08-05 20:46:22.483 +02:00 [DBG] Done attempting to validate the bound parameter 'walletCreateDto' of type 'WalletTracker.Dtos.WalletDto'.
2025-08-05 20:46:22.484 +02:00 [VRB] Action Filter: Before executing OnActionExecuting on filter Microsoft.AspNetCore.Mvc.ModelBinding.UnsupportedContentTypeFilter.
2025-08-05 20:46:22.484 +02:00 [VRB] Action Filter: After executing OnActionExecuting on filter Microsoft.AspNetCore.Mvc.ModelBinding.UnsupportedContentTypeFilter.
2025-08-05 20:46:22.484 +02:00 [VRB] Action Filter: Before executing OnActionExecuting on filter Microsoft.AspNetCore.Mvc.Infrastructure.ModelStateInvalidFilter.
2025-08-05 20:46:22.484 +02:00 [VRB] Action Filter: After executing OnActionExecuting on filter Microsoft.AspNetCore.Mvc.Infrastructure.ModelStateInvalidFilter.
2025-08-05 20:46:22.484 +02:00 [INF] Executing action method WalletTracker.Controllers.WalletController.CreateWallet (WalletTracker) - Validation state: "Valid"
2025-08-05 20:46:22.484 +02:00 [VRB] Executing action method WalletTracker.Controllers.WalletController.CreateWallet (WalletTracker) with arguments (["WalletDto { Name = MyWallet, Balance = 100, Currency = USD }"])
2025-08-05 20:46:22.485 +02:00 [VRB] Action Filter: Before executing OnActionExecuted on filter Microsoft.AspNetCore.Mvc.Infrastructure.ModelStateInvalidFilter.
2025-08-05 20:46:22.485 +02:00 [VRB] Action Filter: After executing OnActionExecuted on filter Microsoft.AspNetCore.Mvc.Infrastructure.ModelStateInvalidFilter.
2025-08-05 20:46:22.485 +02:00 [VRB] Action Filter: Before executing OnActionExecuted on filter Microsoft.AspNetCore.Mvc.ModelBinding.UnsupportedContentTypeFilter.
2025-08-05 20:46:22.485 +02:00 [VRB] Action Filter: After executing OnActionExecuted on filter Microsoft.AspNetCore.Mvc.ModelBinding.UnsupportedContentTypeFilter.
2025-08-05 20:46:22.485 +02:00 [INF] Executed action WalletTracker.Controllers.WalletController.CreateWallet (WalletTracker) in 63.6437ms
2025-08-05 20:46:22.486 +02:00 [INF] Executed endpoint 'WalletTracker.Controllers.WalletController.CreateWallet (WalletTracker)'
2025-08-05 20:46:22.486 +02:00 [ERR] An unhandled exception has occurred while executing the request.
System.ArgumentNullException: Value cannot be null. (Parameter 'input')
   at System.ArgumentNullException.Throw(String paramName)
   at System.Guid.Parse(String input)
   at WalletTracker.Controllers.WalletController.GetCurrentUserId() in /Users/vlad/RiderProjects/Chat/BackEnd/WalletTracker/WalletTracker/Controllers/WalletController.cs:line 123
   at WalletTracker.Controllers.WalletController.CreateWallet(WalletDto walletCreateDto) in /Users/vlad/RiderProjects/Chat/BackEnd/WalletTracker/WalletTracker/Controllers/WalletController.cs:line 52
   at lambda_method18(Closure, Object)
   at Microsoft.AspNetCore.Mvc.Infrastructure.ActionMethodExecutor.TaskOfActionResultExecutor.Execute(ActionContext actionContext, IActionResultTypeMapper mapper, ObjectMethodExecutor executor, Object controller, Object[] arguments)
   at Microsoft.AspNetCore.Mvc.Infrastructure.ControllerActionInvoker.<InvokeActionMethodAsync>g__Logged|12_1(ControllerActionInvoker invoker)
   at Microsoft.AspNetCore.Mvc.Infrastructure.ControllerActionInvoker.<InvokeNextActionFilterAsync>g__Awaited|10_0(ControllerActionInvoker invoker, Task lastTask, State next, Scope scope, Object state, Boolean isCompleted)
   at Microsoft.AspNetCore.Mvc.Infrastructure.ControllerActionInvoker.Rethrow(ActionExecutedContextSealed context)
   at Microsoft.AspNetCore.Mvc.Infrastructure.ControllerActionInvoker.Next(State& next, Scope& scope, Object& state, Boolean& isCompleted)
   at Microsoft.AspNetCore.Mvc.Infrastructure.ControllerActionInvoker.InvokeInnerFilterAsync()
--- End of stack trace from previous location ---
   at Microsoft.AspNetCore.Mvc.Infrastructure.ResourceInvoker.<InvokeFilterPipelineAsync>g__Awaited|20_0(ResourceInvoker invoker, Task lastTask, State next, Scope scope, Object state, Boolean isCompleted)
   at Microsoft.AspNetCore.Mvc.Infrastructure.ResourceInvoker.<InvokeAsync>g__Logged|17_1(ResourceInvoker invoker)
   at Microsoft.AspNetCore.Mvc.Infrastructure.ResourceInvoker.<InvokeAsync>g__Logged|17_1(ResourceInvoker invoker)
   at Microsoft.AspNetCore.Routing.EndpointMiddleware.<Invoke>g__AwaitRequestTask|7_0(Endpoint endpoint, Task requestTask, ILogger logger)
   at Swashbuckle.AspNetCore.SwaggerUI.SwaggerUIMiddleware.Invoke(HttpContext httpContext)
   at Swashbuckle.AspNetCore.Swagger.SwaggerMiddleware.Invoke(HttpContext httpContext, ISwaggerProvider swaggerProvider)
   at Microsoft.AspNetCore.Authorization.AuthorizationMiddleware.Invoke(HttpContext context)
   at Microsoft.AspNetCore.Authentication.AuthenticationMiddleware.Invoke(HttpContext context)
   at Microsoft.AspNetCore.Diagnostics.DeveloperExceptionPageMiddlewareImpl.Invoke(HttpContext context)
2025-08-05 20:46:22.487 +02:00 [DBG] Connection id "0HNEKA0Q9EGMK" completed keep alive response.
2025-08-05 20:46:22.487 +02:00 [INF] Request finished HTTP/1.1 POST http://localhost:5045/api/wallets - 500 null text/plain; charset=utf-8 119.2202ms
2025-08-05 20:47:10.120 +02:00 [DBG] Connection id "0HNEKA0Q9EGMK" received FIN.
2025-08-05 20:47:10.122 +02:00 [DBG] Connection id "0HNEKA0Q9EGMK" sending FIN because: "The Socket transport's send loop completed gracefully."
2025-08-05 20:47:10.123 +02:00 [DBG] Connection id "0HNEKA0Q9EGMK" disconnecting.
2025-08-05 20:47:10.123 +02:00 [DBG] Connection id "0HNEKA0Q9EGMK" stopped.
2025-08-05 20:51:31.243 +02:00 [INF] Application is shutting down...
2025-08-05 20:51:31.244 +02:00 [DBG] Hosting stopping
2025-08-05 20:51:31.250 +02:00 [DBG] Hosting stopped
